<?xml version="1.0" encoding="UTF-8"?>
<!-- Generated by org.testng.reporters.JUnitXMLReporter -->
<testsuite ignored="0" hostname="DESKTOP-7AKMRUB" failures="2" tests="3" name="HRMS" time="45.272" errors="0" timestamp="2023-08-14T19:02:18 IST">
  <testcase classname="com.hrms.testCases.TC_ManageLeaveTypes" name="test_Login" time="12.642"/>
  <testcase classname="com.hrms.testCases.TC_ManageLeaveTypes" name="test_DeleteLeaveTypes" time="20.305">
    <failure type="java.lang.NullPointerException" message="Cannot invoke &amp;quot;org.openqa.selenium.SearchContext.findElement(org.openqa.selenium.By)&amp;quot; because &amp;quot;this.searchContext&amp;quot; is null">
      <![CDATA[java.lang.NullPointerException: Cannot invoke "org.openqa.selenium.SearchContext.findElement(org.openqa.selenium.By)" because "this.searchContext" is null
at org.openqa.selenium.support.pagefactory.DefaultElementLocator.findElement(DefaultElementLocator.java:68)
at org.openqa.selenium.support.pagefactory.internal.LocatingElementHandler.invoke(LocatingElementHandler.java:38)
at jdk.proxy2/jdk.proxy2.$Proxy34.click(Unknown Source)
at com.hrms.pageObject.PO_HomePage.clickOniconHomeImage(PO_HomePage.java:196)
at com.hrms.testCases.TC_ManageLeaveTypes.test_DeleteLeaveTypes(TC_ManageLeaveTypes.java:148)
at java.base/java.util.ArrayList.forEach(ArrayList.java:1511)
... Removed 27 stack frames]]>
    </failure>
  </testcase> <!-- test_DeleteLeaveTypes -->
  <testcase classname="com.hrms.testCases.TC_ManageLeaveTypes" name="test_Logout" time="0.0">
    <failure type="java.lang.NullPointerException" message="Cannot invoke &amp;quot;org.openqa.selenium.SearchContext.findElement(org.openqa.selenium.By)&amp;quot; because &amp;quot;this.searchContext&amp;quot; is null">
      <![CDATA[java.lang.NullPointerException: Cannot invoke "org.openqa.selenium.SearchContext.findElement(org.openqa.selenium.By)" because "this.searchContext" is null
at org.openqa.selenium.support.pagefactory.DefaultElementLocator.findElement(DefaultElementLocator.java:68)
at org.openqa.selenium.support.pagefactory.internal.LocatingElementHandler.invoke(LocatingElementHandler.java:38)
at jdk.proxy2/jdk.proxy2.$Proxy34.click(Unknown Source)
at com.hrms.pageObject.PO_HomePage.clickOniconHomeImage(PO_HomePage.java:196)
at com.hrms.testCases.TC_ManageLeaveTypes.test_Logout(TC_ManageLeaveTypes.java:157)
at java.base/java.util.ArrayList.forEach(ArrayList.java:1511)
... Removed 27 stack frames]]>
    </failure>
  </testcase> <!-- test_Logout -->
</testsuite> <!-- HRMS -->
