<?xml version="1.0" encoding="UTF-8"?>
<!-- Generated by org.testng.reporters.JUnitXMLReporter -->
<testsuite ignored="0" hostname="DESKTOP-7AKMRUB" failures="0" tests="1" name="Test" time="0.068" errors="0" timestamp="2023-07-28T19:20:45 IST">
  <testcase classname="com.hrms.testCases.BaseClass" name="@BeforeClass setup" time="-1.690552245585E9">
    <failure type="org.testng.TestNGException" message="
Parameter &amp;apos;browser&amp;apos; is required by BeforeClass on method setup but has not been marked @Optional or defined
in D:\Sanjiv_QA\Eclipse Project\HRMS_UI\testng.xml">
      <![CDATA[org.testng.TestNGException: 
Parameter 'browser' is required by BeforeClass on method setup but has not been marked @Optional or defined
in D:\Sanjiv_QA\Eclipse Project\HRMS_UI\testng.xml
at java.base/java.util.ArrayList.forEach(ArrayList.java:1511)
... Removed 22 stack frames]]>
    </failure>
  </testcase> <!-- @BeforeClass setup -->
  <testcase classname="com.hrms.testCases.BaseClass" name="@AfterClass teardown" time="0.0">
    <skipped/>
  </testcase> <!-- @AfterClass teardown -->
  <testcase classname="com.hrms.testCases.TC_Login" name="test_Login" time="0.0">
    <skipped/>
  </testcase> <!-- test_Login -->
</testsuite> <!-- Test -->
