<?xml version="1.0" encoding="UTF-8"?>
<testng-results ignored="0" total="2" passed="2" failed="0" skipped="0">
  <reporter-output>
  </reporter-output>
  <suite started-at="2023-08-03T16:38:57 IST" name="Suite" finished-at="2023-08-03T16:39:22 IST" duration-ms="24509">
    <groups>
    </groups>
    <test started-at="2023-08-03T16:38:57 IST" name="HRMS" finished-at="2023-08-03T16:39:22 IST" duration-ms="24509">
      <class name="com.hrms.testCases.TC_LoginAndLogout">
        <test-method is-config="true" signature="setup(java.lang.String)[pri:0, instance:com.hrms.testCases.TC_LoginAndLogout@40499e4f]" started-at="2023-08-03T16:38:58 IST" name="setup" finished-at="2023-08-03T16:39:08 IST" duration-ms="10799" status="PASS">
          <params>
            <param index="0">
              <value>
                <![CDATA[chrome]]>
              </value>
            </param>
          </params>
          <reporter-output>
          </reporter-output>
        </test-method> <!-- setup -->
        <test-method signature="test_Login()[pri:1, instance:com.hrms.testCases.TC_LoginAndLogout@40499e4f]" started-at="2023-08-03T16:39:09 IST" name="test_Login" finished-at="2023-08-03T16:39:18 IST" duration-ms="9617" status="PASS">
          <reporter-output>
          </reporter-output>
        </test-method> <!-- test_Login -->
        <test-method signature="test_Logout()[pri:2, instance:com.hrms.testCases.TC_LoginAndLogout@40499e4f]" started-at="2023-08-03T16:39:18 IST" name="test_Logout" finished-at="2023-08-03T16:39:22 IST" duration-ms="3361" status="PASS">
          <reporter-output>
          </reporter-output>
        </test-method> <!-- test_Logout -->
        <test-method is-config="true" signature="teardown()[pri:0, instance:com.hrms.testCases.TC_LoginAndLogout@40499e4f]" started-at="2023-08-03T16:39:22 IST" name="teardown" finished-at="2023-08-03T16:39:22 IST" duration-ms="433" status="PASS">
          <reporter-output>
          </reporter-output>
        </test-method> <!-- teardown -->
      </class> <!-- com.hrms.testCases.TC_LoginAndLogout -->
    </test> <!-- HRMS -->
  </suite> <!-- Suite -->
</testng-results>
